<?xml version="1.0" encoding="UTF-8"?>
<testng-results skipped="0" failed="0" total="1" passed="1">
  <reporter-output>
  </reporter-output>
  <suite name="FirstTestSuite" duration-ms="37" started-at="2016-06-19T19:31:17Z" finished-at="2016-06-19T19:31:17Z">
    <groups>
    </groups>
    <test name="RookieTest" duration-ms="37" started-at="2016-06-19T19:31:17Z" finished-at="2016-06-19T19:31:17Z">
      <class name="com.demo.main.LaunchExplorerTest">
        <test-method status="PASS" signature="appTest()[pri:0, instance:com.demo.main.LaunchExplorerTest@6d00a15d]" name="appTest" duration-ms="12" started-at="2016-06-19T12:31:17Z" finished-at="2016-06-19T12:31:17Z">
          <reporter-output>
          </reporter-output>
        </test-method> <!-- appTest -->
      </class> <!-- com.demo.main.LaunchExplorerTest -->
    </test> <!-- RookieTest -->
  </suite> <!-- FirstTestSuite -->
</testng-results>
