-------------------------------------------------------------------------------
Test set: com.demo.main.LaunchExplorerTest
-------------------------------------------------------------------------------
Tests run: 2, Failures: 1, Errors: 0, Skipped: 0, Time elapsed: 0.665 sec <<< FAILURE!
appTest2(com.demo.main.LaunchExplorerTest)  Time elapsed: 0.002 sec  <<< FAILURE!
java.lang.RuntimeException: Test not implemented
	at com.demo.main.LaunchExplorerTest.appTest2(LaunchExplorerTest.java:14)

