<?xml version="1.0" encoding="UTF-8" ?>
<testsuite tests="2" failures="1" name="com.demo.main.LaunchExplorerTest" time="0.009" errors="0" skipped="0">
  <properties>
[...]
</properties>
  <testcase classname="com.demo.main.LaunchExplorerTest" name="appTest" time="0.007"/>
  <testcase classname="com.demo.main.LaunchExplorerTest" name="appTest2" time="0.002">
    <failure message="Test not implemented" type="java.lang.RuntimeException">java.lang.RuntimeException: Test not implemented
	at com.demo.main.LaunchExplorerTest.appTest2(LaunchExplorerTest.java:14)
</failure>
  </testcase>
</testsuite>